<?xml version="1.0" encoding="UTF-8"?>
<testng-results total="2" passed="2" failed="0" skipped="0">
  <reporter-output>
  </reporter-output>
  <suite started-at="2025-08-08T07:20:24Z" name="Default suite" finished-at="2025-08-08T07:20:28Z" duration-ms="3778">
    <groups>
    </groups>
    <test started-at="2025-08-08T07:20:24Z" name="Default test" finished-at="2025-08-08T07:20:28Z" duration-ms="3778">
      <class name="pdp.LoanAmount">
        <test-method is-config="true" signature="setUpSuite()[pri:0, instance:pdp.LoanAmount@45d84a20]" started-at="2025-08-08T12:50:19Z" name="setUpSuite" finished-at="2025-08-08T12:50:24Z" duration-ms="5424" status="PASS">
          <reporter-output>
          </reporter-output>
        </test-method> <!-- setUpSuite -->
        <test-method signature="loanAmountLessErrorMsg()[pri:1, instance:pdp.LoanAmount@45d84a20]" started-at="2025-08-08T12:50:24Z" name="loanAmountLessErrorMsg" finished-at="2025-08-08T12:50:28Z" duration-ms="3707" status="PASS">
          <reporter-output>
          </reporter-output>
        </test-method> <!-- loanAmountLessErrorMsg -->
        <test-method signature="loanAmountGreaterErrorMsg()[pri:2, instance:pdp.LoanAmount@45d84a20]" started-at="2025-08-08T12:50:28Z" name="loanAmountGreaterErrorMsg" finished-at="2025-08-08T12:50:28Z" duration-ms="60" status="PASS">
          <reporter-output>
          </reporter-output>
        </test-method> <!-- loanAmountGreaterErrorMsg -->
        <test-method is-config="true" signature="tearDownSuite()[pri:0, instance:pdp.LoanAmount@45d84a20]" started-at="2025-08-08T12:50:28Z" name="tearDownSuite" finished-at="2025-08-08T12:50:28Z" duration-ms="0" status="PASS">
          <reporter-output>
          </reporter-output>
        </test-method> <!-- tearDownSuite -->
      </class> <!-- pdp.LoanAmount -->
    </test> <!-- Default test -->
  </suite> <!-- Default suite -->
</testng-results>
